This is pdfTeX, Version 3.14159265-2.6-1.40.19 (TeX Live 2018) (preloaded format=pdflatex 2018.5.27)  7 OCT 2018 19:27
entering extended mode
 restricted \write18 enabled.
 %&-line parsing enabled.
**allTitlepage.tex
(./allTitlepage.tex
LaTeX2e <2018-04-01> patch level 4
(/usr/local/texlive/2018/texmf-dist/tex/latex/koma-script/scrartcl.cls
Document Class: scrartcl 2018/03/30 v3.25 KOMA-Script document class (article)
(/usr/local/texlive/2018/texmf-dist/tex/latex/koma-script/scrkbase.sty
Package: scrkbase 2018/03/30 v3.25 KOMA-Script package (KOMA-Script-dependent b
asics and keyval usage)

(/usr/local/texlive/2018/texmf-dist/tex/latex/koma-script/scrbase.sty
Package: scrbase 2018/03/30 v3.25 KOMA-Script package (KOMA-Script-independent 
basics and keyval usage)

(/usr/local/texlive/2018/texmf-dist/tex/latex/graphics/keyval.sty
Package: keyval 2014/10/28 v1.15 key=value parser (DPC)
\KV@toks@=\toks14
)
(/usr/local/texlive/2018/texmf-dist/tex/latex/koma-script/scrlfile.sty
Package: scrlfile 2018/03/30 v3.25 KOMA-Script package (loading files)
)))
(/usr/local/texlive/2018/texmf-dist/tex/latex/koma-script/tocbasic.sty
Package: tocbasic 2018/03/30 v3.25 KOMA-Script package (handling toc-files)
\scr@dte@tocline@numberwidth=\skip41
\scr@dte@tocline@numbox=\box26
)
Package tocbasic Info: omitting babel extension for `toc'
(tocbasic)             because of feature `nobabel' available
(tocbasic)             for `toc' on input line 134.
Class scrartcl Info: File `scrsize11pt.clo' used instead of
(scrartcl)           file `scrsize11.clo' to setup font sizes on input line 211
4.

(/usr/local/texlive/2018/texmf-dist/tex/latex/koma-script/scrsize11pt.clo
File: scrsize11pt.clo 2018/03/30 v3.25 KOMA-Script font size class option (11pt
)
)
(/usr/local/texlive/2018/texmf-dist/tex/latex/koma-script/typearea.sty
Package: typearea 2018/03/30 v3.25 KOMA-Script package (type area)
\ta@bcor=\skip42
\ta@div=\count80
\ta@hblk=\skip43
\ta@vblk=\skip44
\ta@temp=\skip45
\footheight=\skip46
Package typearea Info: These are the values describing the layout:
(typearea)             DIV  = 10
(typearea)             BCOR = 0.0pt
(typearea)             \paperwidth      = 597.50793pt
(typearea)              \textwidth      = 418.25555pt
(typearea)              DIV departure   = -6%
(typearea)              \evensidemargin = 17.3562pt
(typearea)              \oddsidemargin  = 17.3562pt
(typearea)             \paperheight     = 845.04694pt
(typearea)              \textheight     = 595.80026pt
(typearea)              \topmargin      = -25.16531pt
(typearea)              \headheight     = 17.0pt
(typearea)              \headsep        = 20.40001pt
(typearea)              \topskip        = 11.0pt
(typearea)              \footskip       = 47.6pt
(typearea)              \baselineskip   = 13.6pt
(typearea)              on input line 1706.
)
\c@part=\count81
\c@section=\count82
\c@subsection=\count83
\c@subsubsection=\count84
\c@paragraph=\count85
\c@subparagraph=\count86
\scr@dte@part@maxnumwidth=\skip47
\scr@dte@section@maxnumwidth=\skip48
\scr@dte@subsection@maxnumwidth=\skip49
\scr@dte@subsubsection@maxnumwidth=\skip50
\scr@dte@paragraph@maxnumwidth=\skip51
\scr@dte@subparagraph@maxnumwidth=\skip52
\abovecaptionskip=\skip53
\belowcaptionskip=\skip54
\c@pti@nb@sid@b@x=\box27
\scr@dte@figure@maxnumwidth=\skip55
Package tocbasic Info: omitting babel extension for `lof'
(tocbasic)             because of feature `nobabel' available
(tocbasic)             for `lof' on input line 5439.
\c@figure=\count87
\scr@dte@table@maxnumwidth=\skip56
Package tocbasic Info: omitting babel extension for `lot'
(tocbasic)             because of feature `nobabel' available
(tocbasic)             for `lot' on input line 5451.
\c@table=\count88
Class scrartcl Info: Redefining `\numberline' on input line 5615.
\bibindent=\dimen102
)
(/usr/local/texlive/2018/texmf-dist/tex/latex/l3kernel/expl3.sty
Package: expl3 2018-05-13 L3 programming layer (loader) 

(/usr/local/texlive/2018/texmf-dist/tex/latex/l3kernel/expl3-code.tex
Package: expl3 2018-05-13 L3 programming layer (code)
\c_max_int=\count89
\l_tmpa_int=\count90
\l_tmpb_int=\count91
\g_tmpa_int=\count92
\g_tmpb_int=\count93
\g__kernel_prg_map_int=\count94
\c_log_iow=\count95
\l_iow_line_count_int=\count96
\l__iow_line_target_int=\count97
\l__iow_one_indent_int=\count98
\l__iow_indent_int=\count99
\c_zero_dim=\dimen103
\c_max_dim=\dimen104
\l_tmpa_dim=\dimen105
\l_tmpb_dim=\dimen106
\g_tmpa_dim=\dimen107
\g_tmpb_dim=\dimen108
\c_zero_skip=\skip57
\c_max_skip=\skip58
\l_tmpa_skip=\skip59
\l_tmpb_skip=\skip60
\g_tmpa_skip=\skip61
\g_tmpb_skip=\skip62
\c_zero_muskip=\muskip10
\c_max_muskip=\muskip11
\l_tmpa_muskip=\muskip12
\l_tmpb_muskip=\muskip13
\g_tmpa_muskip=\muskip14
\g_tmpb_muskip=\muskip15
\l_keys_choice_int=\count100
\l__intarray_loop_int=\count101
\c__intarray_sp_dim=\dimen109
\g__intarray_font_int=\count102
\c__fp_leading_shift_int=\count103
\c__fp_middle_shift_int=\count104
\c__fp_trailing_shift_int=\count105
\c__fp_big_leading_shift_int=\count106
\c__fp_big_middle_shift_int=\count107
\c__fp_big_trailing_shift_int=\count108
\c__fp_Bigg_leading_shift_int=\count109
\c__fp_Bigg_middle_shift_int=\count110
\c__fp_Bigg_trailing_shift_int=\count111
\c__kernel_randint_max_int=\count112
\g__fp_array_int=\count113
\l__fp_array_loop_int=\count114
\l__sort_length_int=\count115
\l__sort_min_int=\count116
\l__sort_top_int=\count117
\l__sort_max_int=\count118
\l__sort_true_max_int=\count119
\l__sort_block_int=\count120
\l__sort_begin_int=\count121
\l__sort_end_int=\count122
\l__sort_A_int=\count123
\l__sort_B_int=\count124
\l__sort_C_int=\count125
\l__tl_analysis_normal_int=\count126
\l__tl_analysis_index_int=\count127
\l__tl_analysis_nesting_int=\count128
\l__tl_analysis_type_int=\count129
\l__regex_internal_a_int=\count130
\l__regex_internal_b_int=\count131
\l__regex_internal_c_int=\count132
\l__regex_balance_int=\count133
\l__regex_group_level_int=\count134
\l__regex_mode_int=\count135
\c__regex_cs_in_class_mode_int=\count136
\c__regex_cs_mode_int=\count137
\l__regex_catcodes_int=\count138
\l__regex_default_catcodes_int=\count139
\c__regex_catcode_D_int=\count140
\c__regex_catcode_S_int=\count141
\c__regex_catcode_L_int=\count142
\c__regex_catcode_O_int=\count143
\c__regex_catcode_A_int=\count144
\c__regex_all_catcodes_int=\count145
\l__regex_show_lines_int=\count146
\l__regex_min_state_int=\count147
\l__regex_max_state_int=\count148
\l__regex_left_state_int=\count149
\l__regex_right_state_int=\count150
\l__regex_capturing_group_int=\count151
\l__regex_min_pos_int=\count152
\l__regex_max_pos_int=\count153
\l__regex_curr_pos_int=\count154
\l__regex_start_pos_int=\count155
\l__regex_success_pos_int=\count156
\l__regex_curr_char_int=\count157
\l__regex_curr_catcode_int=\count158
\l__regex_last_char_int=\count159
\l__regex_case_changed_char_int=\count160
\l__regex_curr_state_int=\count161
\l__regex_step_int=\count162
\l__regex_min_active_int=\count163
\l__regex_max_active_int=\count164
\l__regex_replacement_csnames_int=\count165
\l__regex_match_count_int=\count166
\l__regex_min_submatch_int=\count167
\l__regex_submatch_int=\count168
\l__regex_zeroth_submatch_int=\count169
\g__regex_trace_regex_int=\count170
\c_empty_box=\box28
\l_tmpa_box=\box29
\l_tmpb_box=\box30
\g_tmpa_box=\box31
\g_tmpb_box=\box32
\l__box_top_dim=\dimen110
\l__box_bottom_dim=\dimen111
\l__box_left_dim=\dimen112
\l__box_right_dim=\dimen113
\l__box_top_new_dim=\dimen114
\l__box_bottom_new_dim=\dimen115
\l__box_left_new_dim=\dimen116
\l__box_right_new_dim=\dimen117
\l__box_internal_box=\box33
\l__coffin_internal_box=\box34
\l__coffin_internal_dim=\dimen118
\l__coffin_offset_x_dim=\dimen119
\l__coffin_offset_y_dim=\dimen120
\l__coffin_x_dim=\dimen121
\l__coffin_y_dim=\dimen122
\l__coffin_x_prime_dim=\dimen123
\l__coffin_y_prime_dim=\dimen124
\c_empty_coffin=\box35
\l__coffin_aligned_coffin=\box36
\l__coffin_aligned_internal_coffin=\box37
\l_tmpa_coffin=\box38
\l_tmpb_coffin=\box39
\l__coffin_display_coffin=\box40
\l__coffin_display_coord_coffin=\box41
\l__coffin_display_pole_coffin=\box42
\l__coffin_display_offset_dim=\dimen125
\l__coffin_display_x_dim=\dimen126
\l__coffin_display_y_dim=\dimen127
\g__file_internal_ior=\read1
\l__coffin_bounding_shift_dim=\dimen128
\l__coffin_left_corner_dim=\dimen129
\l__coffin_right_corner_dim=\dimen130
\l__coffin_bottom_corner_dim=\dimen131
\l__coffin_top_corner_dim=\dimen132
\l__coffin_scaled_total_height_dim=\dimen133
\l__coffin_scaled_width_dim=\dimen134
\l__seq_internal_a_int=\count171
\l__seq_internal_b_int=\count172
)
(/usr/local/texlive/2018/texmf-dist/tex/latex/l3kernel/l3pdfmode.def
File: l3pdfmode.def 2018-05-13 v L3 Experimental driver: PDF mode
\l__driver_color_stack_int=\count173
))
(/usr/local/texlive/2018/texmf-dist/tex/latex/graphics/graphicx.sty
Package: graphicx 2017/06/01 v1.1a Enhanced LaTeX Graphics (DPC,SPQR)

(/usr/local/texlive/2018/texmf-dist/tex/latex/graphics/graphics.sty
Package: graphics 2017/06/25 v1.2c Standard LaTeX Graphics (DPC,SPQR)

(/usr/local/texlive/2018/texmf-dist/tex/latex/graphics/trig.sty
Package: trig 2016/01/03 v1.10 sin cos tan (DPC)
)
(/usr/local/texlive/2018/texmf-dist/tex/latex/graphics-cfg/graphics.cfg
File: graphics.cfg 2016/06/04 v1.11 sample graphics configuration
)
Package graphics Info: Driver file: pdftex.def on input line 99.

(/usr/local/texlive/2018/texmf-dist/tex/latex/graphics-def/pdftex.def
File: pdftex.def 2018/01/08 v1.0l Graphics/color driver for pdftex
))
\Gin@req@height=\dimen135
\Gin@req@width=\dimen136
)
(/usr/local/texlive/2018/texmf-dist/tex/latex/url/url.sty
\Urlmuskip=\muskip16
Package: url 2013/09/16  ver 3.4  Verb mode for urls, etc.
)
No file allTitlepage.aux.
\openout1 = `allTitlepage.aux'.

LaTeX Font Info:    Checking defaults for OML/cmm/m/it on input line 12.
LaTeX Font Info:    ... okay on input line 12.
LaTeX Font Info:    Checking defaults for T1/cmr/m/n on input line 12.
LaTeX Font Info:    ... okay on input line 12.
LaTeX Font Info:    Checking defaults for OT1/cmr/m/n on input line 12.
LaTeX Font Info:    ... okay on input line 12.
LaTeX Font Info:    Checking defaults for OMS/cmsy/m/n on input line 12.
LaTeX Font Info:    ... okay on input line 12.
LaTeX Font Info:    Checking defaults for OMX/cmex/m/n on input line 12.
LaTeX Font Info:    ... okay on input line 12.
LaTeX Font Info:    Checking defaults for U/cmr/m/n on input line 12.
LaTeX Font Info:    ... okay on input line 12.
(/usr/local/texlive/2018/texmf-dist/tex/context/base/mkii/supp-pdf.mkii
[Loading MPS to PDF converter (version 2006.09.02).]
\scratchcounter=\count174
\scratchdimen=\dimen137
\scratchbox=\box43
\nofMPsegments=\count175
\nofMParguments=\count176
\everyMPshowfont=\toks15
\MPscratchCnt=\count177
\MPscratchDim=\dimen138
\MPnumerator=\count178
\makeMPintoPDFobject=\count179
\everyMPtoPDFconversion=\toks16
) (/usr/local/texlive/2018/texmf-dist/tex/latex/oberdiek/epstopdf-base.sty
Package: epstopdf-base 2016/05/15 v2.6 Base part for package epstopdf

(/usr/local/texlive/2018/texmf-dist/tex/generic/oberdiek/infwarerr.sty
Package: infwarerr 2016/05/16 v1.4 Providing info/warning/error messages (HO)
)
(/usr/local/texlive/2018/texmf-dist/tex/latex/oberdiek/grfext.sty
Package: grfext 2016/05/16 v1.2 Manage graphics extensions (HO)

(/usr/local/texlive/2018/texmf-dist/tex/generic/oberdiek/kvdefinekeys.sty
Package: kvdefinekeys 2016/05/16 v1.4 Define keys (HO)

(/usr/local/texlive/2018/texmf-dist/tex/generic/oberdiek/ltxcmds.sty
Package: ltxcmds 2016/05/16 v1.23 LaTeX kernel commands for general use (HO)
)))
(/usr/local/texlive/2018/texmf-dist/tex/latex/oberdiek/kvoptions.sty
Package: kvoptions 2016/05/16 v3.12 Key value format for package options (HO)

(/usr/local/texlive/2018/texmf-dist/tex/generic/oberdiek/kvsetkeys.sty
Package: kvsetkeys 2016/05/16 v1.17 Key value parser (HO)

(/usr/local/texlive/2018/texmf-dist/tex/generic/oberdiek/etexcmds.sty
Package: etexcmds 2016/05/16 v1.6 Avoid name clashes with e-TeX commands (HO)

(/usr/local/texlive/2018/texmf-dist/tex/generic/oberdiek/ifluatex.sty
Package: ifluatex 2016/05/16 v1.4 Provides the ifluatex switch (HO)
Package ifluatex Info: LuaTeX not detected.
)
Package etexcmds Info: Could not find \expanded.
(etexcmds)             That can mean that you are not using pdfTeX 1.50 or
(etexcmds)             that some package has redefined \expanded.
(etexcmds)             In the latter case, load this package earlier.
)))
(/usr/local/texlive/2018/texmf-dist/tex/generic/oberdiek/pdftexcmds.sty
Package: pdftexcmds 2018/01/30 v0.27 Utility functions of pdfTeX for LuaTeX (HO
)

(/usr/local/texlive/2018/texmf-dist/tex/generic/oberdiek/ifpdf.sty
Package: ifpdf 2017/03/15 v3.2 Provides the ifpdf switch
)
Package pdftexcmds Info: LuaTeX not detected.
Package pdftexcmds Info: \pdf@primitive is available.
Package pdftexcmds Info: \pdf@ifprimitive is available.
Package pdftexcmds Info: \pdfdraftmode found.
)
Package epstopdf-base Info: Redefining graphics rule for `.eps' on input line 4
38.
Package grfext Info: Graphics extension search list:
(grfext)             [.pdf,.png,.jpg,.mps,.jpeg,.jbig2,.jb2,.PDF,.PNG,.JPG,.JPE
G,.JBIG2,.JB2,.eps]
(grfext)             \AppendGraphicsExtensions on input line 456.

(/usr/local/texlive/2018/texmf-dist/tex/latex/latexconfig/epstopdf-sys.cfg
File: epstopdf-sys.cfg 2010/07/13 v1.3 Configuration of (r)epstopdf for TeX Liv
e
))
<titlepage_1.pdf, id=1, 597.50829pt x 845.0471pt>
File: titlepage_1.pdf Graphic file (type pdf)
<use titlepage_1.pdf>
Package pdftex.def Info: titlepage_1.pdf  used on input line 19.
(pdftex.def)             Requested size: 188.21371pt x 266.17834pt.
LaTeX Font Info:    External font `cmex10' loaded for size
(Font)              <10.95> on input line 19.
LaTeX Font Info:    External font `cmex10' loaded for size
(Font)              <8> on input line 19.
LaTeX Font Info:    External font `cmex10' loaded for size
(Font)              <6> on input line 19.
<titlepage_2.pdf, id=2, 597.50829pt x 845.0471pt>
File: titlepage_2.pdf Graphic file (type pdf)
<use titlepage_2.pdf>
Package pdftex.def Info: titlepage_2.pdf  used on input line 19.
(pdftex.def)             Requested size: 188.21371pt x 266.17834pt.
<titlepage_3.pdf, id=3, 597.50829pt x 845.0471pt>
File: titlepage_3.pdf Graphic file (type pdf)
<use titlepage_3.pdf>
Package pdftex.def Info: titlepage_3.pdf  used on input line 19.
(pdftex.def)             Requested size: 188.21371pt x 266.17834pt.
<titlepage_4.pdf, id=4, 597.50829pt x 845.0471pt>
File: titlepage_4.pdf Graphic file (type pdf)
<use titlepage_4.pdf>
Package pdftex.def Info: titlepage_4.pdf  used on input line 19.
(pdftex.def)             Requested size: 188.21371pt x 266.17834pt.
<titlepage_5.pdf, id=5, 597.50829pt x 845.0471pt>
File: titlepage_5.pdf Graphic file (type pdf)
<use titlepage_5.pdf>
Package pdftex.def Info: titlepage_5.pdf  used on input line 19.
(pdftex.def)             Requested size: 188.21371pt x 266.17834pt.
<titlepage_6.pdf, id=6, 597.50829pt x 845.0471pt>
File: titlepage_6.pdf Graphic file (type pdf)
<use titlepage_6.pdf>
Package pdftex.def Info: titlepage_6.pdf  used on input line 19.
(pdftex.def)             Requested size: 188.21371pt x 266.17834pt.
<titlepage_7.pdf, id=7, 597.50829pt x 845.0471pt>
File: titlepage_7.pdf Graphic file (type pdf)
<use titlepage_7.pdf>
Package pdftex.def Info: titlepage_7.pdf  used on input line 19.
(pdftex.def)             Requested size: 188.21371pt x 266.17834pt.
<titlepage_8.pdf, id=8, 597.50829pt x 845.0471pt>
File: titlepage_8.pdf Graphic file (type pdf)
<use titlepage_8.pdf>
Package pdftex.def Info: titlepage_8.pdf  used on input line 19.
(pdftex.def)             Requested size: 188.21371pt x 266.17834pt.
<titlepage_9.pdf, id=9, 597.50829pt x 845.0471pt>
File: titlepage_9.pdf Graphic file (type pdf)
<use titlepage_9.pdf>
Package pdftex.def Info: titlepage_9.pdf  used on input line 19.
(pdftex.def)             Requested size: 188.21371pt x 266.17834pt.
<titlepage_10.pdf, id=10, 597.50829pt x 845.0471pt>
File: titlepage_10.pdf Graphic file (type pdf)
<use titlepage_10.pdf>
Package pdftex.def Info: titlepage_10.pdf  used on input line 19.
(pdftex.def)             Requested size: 188.21371pt x 266.17834pt.
<titlepage_11.pdf, id=11, 597.50829pt x 845.0471pt>
File: titlepage_11.pdf Graphic file (type pdf)
<use titlepage_11.pdf>
Package pdftex.def Info: titlepage_11.pdf  used on input line 19.
(pdftex.def)             Requested size: 188.21371pt x 266.17834pt.
<titlepage_12.pdf, id=12, 597.50829pt x 845.0471pt>
File: titlepage_12.pdf Graphic file (type pdf)
<use titlepage_12.pdf>
Package pdftex.def Info: titlepage_12.pdf  used on input line 19.
(pdftex.def)             Requested size: 188.21371pt x 266.17834pt.
<titlepage_13.pdf, id=13, 614.295pt x 794.97pt>
File: titlepage_13.pdf Graphic file (type pdf)
<use titlepage_13.pdf>
Package pdftex.def Info: titlepage_13.pdf  used on input line 19.
(pdftex.def)             Requested size: 188.21371pt x 243.57541pt.
<titlepage_14.pdf, id=14, 614.295pt x 794.97pt>
File: titlepage_14.pdf Graphic file (type pdf)
<use titlepage_14.pdf>
Package pdftex.def Info: titlepage_14.pdf  used on input line 19.
(pdftex.def)             Requested size: 188.21371pt x 243.57541pt.
<titlepage_15.pdf, id=15, 597.50829pt x 845.0471pt>
File: titlepage_15.pdf Graphic file (type pdf)
<use titlepage_15.pdf>
Package pdftex.def Info: titlepage_15.pdf  used on input line 19.
(pdftex.def)             Requested size: 188.21371pt x 266.17834pt.
<titlepage_16.pdf, id=16, 597.50829pt x 845.0471pt>
File: titlepage_16.pdf Graphic file (type pdf)
<use titlepage_16.pdf>
Package pdftex.def Info: titlepage_16.pdf  used on input line 19.
(pdftex.def)             Requested size: 188.21371pt x 266.17834pt.
<titlepage_17.pdf, id=17, 597.50829pt x 845.0471pt>
File: titlepage_17.pdf Graphic file (type pdf)
<use titlepage_17.pdf>
Package pdftex.def Info: titlepage_17.pdf  used on input line 19.
(pdftex.def)             Requested size: 188.21371pt x 266.17834pt.
<titlepage_18.pdf, id=18, 597.50829pt x 845.0471pt>
File: titlepage_18.pdf Graphic file (type pdf)
<use titlepage_18.pdf>
Package pdftex.def Info: titlepage_18.pdf  used on input line 19.
(pdftex.def)             Requested size: 188.21371pt x 266.17834pt.
<titlepage_19.pdf, id=19, 597.50829pt x 845.0471pt>
File: titlepage_19.pdf Graphic file (type pdf)
<use titlepage_19.pdf>
Package pdftex.def Info: titlepage_19.pdf  used on input line 19.
(pdftex.def)             Requested size: 188.21371pt x 266.17834pt.
<titlepage_20.pdf, id=20, 597.50829pt x 845.0471pt>
File: titlepage_20.pdf Graphic file (type pdf)
<use titlepage_20.pdf>
Package pdftex.def Info: titlepage_20.pdf  used on input line 19.
(pdftex.def)             Requested size: 188.21371pt x 266.17834pt.
<titlepage_21.pdf, id=21, 614.295pt x 794.97pt>
File: titlepage_21.pdf Graphic file (type pdf)
<use titlepage_21.pdf>
Package pdftex.def Info: titlepage_21.pdf  used on input line 19.
(pdftex.def)             Requested size: 188.21371pt x 243.57541pt.
<titlepage_22.pdf, id=22, 614.295pt x 794.97pt>
File: titlepage_22.pdf Graphic file (type pdf)
<use titlepage_22.pdf>
Package pdftex.def Info: titlepage_22.pdf  used on input line 19.
(pdftex.def)             Requested size: 188.21371pt x 243.57541pt.
<titlepage_23.pdf, id=23, 597.50829pt x 845.0471pt>
File: titlepage_23.pdf Graphic file (type pdf)
<use titlepage_23.pdf>
Package pdftex.def Info: titlepage_23.pdf  used on input line 19.
(pdftex.def)             Requested size: 188.21371pt x 266.17834pt.
<titlepage_24.pdf, id=24, 597.50829pt x 845.0471pt>
File: titlepage_24.pdf Graphic file (type pdf)
<use titlepage_24.pdf>
Package pdftex.def Info: titlepage_24.pdf  used on input line 19.
(pdftex.def)             Requested size: 188.21371pt x 266.17834pt.
<titlepage_25.pdf, id=25, 598.1477pt x 845.90027pt>
File: titlepage_25.pdf Graphic file (type pdf)
<use titlepage_25.pdf>
Package pdftex.def Info: titlepage_25.pdf  used on input line 19.
(pdftex.def)             Requested size: 188.21371pt x 266.16312pt.
<titlepage_26.pdf, id=26, 597.50829pt x 845.0471pt>
File: titlepage_26.pdf Graphic file (type pdf)
<use titlepage_26.pdf>
Package pdftex.def Info: titlepage_26.pdf  used on input line 19.
(pdftex.def)             Requested size: 188.21371pt x 266.17834pt.
<titlepage_27.pdf, id=27, 597.50829pt x 845.0471pt>
File: titlepage_27.pdf Graphic file (type pdf)
<use titlepage_27.pdf>
Package pdftex.def Info: titlepage_27.pdf  used on input line 19.
(pdftex.def)             Requested size: 188.21371pt x 266.17834pt.
<titlepage_28.pdf, id=28, 597.50829pt x 845.0471pt>
File: titlepage_28.pdf Graphic file (type pdf)
<use titlepage_28.pdf>
Package pdftex.def Info: titlepage_28.pdf  used on input line 19.
(pdftex.def)             Requested size: 188.21371pt x 266.17834pt.
<titlepage_29.pdf, id=29, 597.50829pt x 845.0471pt>
File: titlepage_29.pdf Graphic file (type pdf)
<use titlepage_29.pdf>
Package pdftex.def Info: titlepage_29.pdf  used on input line 19.
(pdftex.def)             Requested size: 188.21371pt x 266.17834pt.
<titlepage_30.pdf, id=30, 597.50829pt x 845.0471pt>
File: titlepage_30.pdf Graphic file (type pdf)
<use titlepage_30.pdf>
Package pdftex.def Info: titlepage_30.pdf  used on input line 19.
(pdftex.def)             Requested size: 188.21371pt x 266.17834pt.
<titlepage_31.pdf, id=31, 597.50829pt x 845.0471pt>
File: titlepage_31.pdf Graphic file (type pdf)
<use titlepage_31.pdf>
Package pdftex.def Info: titlepage_31.pdf  used on input line 19.
(pdftex.def)             Requested size: 188.21371pt x 266.17834pt.
<titlepage_32.pdf, id=32, 597.50829pt x 845.0471pt>
File: titlepage_32.pdf Graphic file (type pdf)
<use titlepage_32.pdf>
Package pdftex.def Info: titlepage_32.pdf  used on input line 19.
(pdftex.def)             Requested size: 188.21371pt x 266.17834pt.
<titlepage_33.pdf, id=33, 597.50829pt x 845.0471pt>
File: titlepage_33.pdf Graphic file (type pdf)
<use titlepage_33.pdf>
Package pdftex.def Info: titlepage_33.pdf  used on input line 19.
(pdftex.def)             Requested size: 188.21371pt x 266.17834pt.
<titlepage_34.pdf, id=34, 597.50829pt x 845.0471pt>
File: titlepage_34.pdf Graphic file (type pdf)
<use titlepage_34.pdf>
Package pdftex.def Info: titlepage_34.pdf  used on input line 19.
(pdftex.def)             Requested size: 188.21371pt x 266.17834pt.
<titlepage_35.pdf, id=35, 597.50829pt x 845.0471pt>
File: titlepage_35.pdf Graphic file (type pdf)
<use titlepage_35.pdf>
Package pdftex.def Info: titlepage_35.pdf  used on input line 19.
(pdftex.def)             Requested size: 188.21371pt x 266.17834pt.
<titlepage_36.pdf, id=36, 597.50829pt x 845.0471pt>
File: titlepage_36.pdf Graphic file (type pdf)
<use titlepage_36.pdf>
Package pdftex.def Info: titlepage_36.pdf  used on input line 19.
(pdftex.def)             Requested size: 188.21371pt x 266.17834pt.
<titlepage_37.pdf, id=37, 597.50829pt x 845.0471pt>
File: titlepage_37.pdf Graphic file (type pdf)
<use titlepage_37.pdf>
Package pdftex.def Info: titlepage_37.pdf  used on input line 19.
(pdftex.def)             Requested size: 188.21371pt x 266.17834pt.
<titlepage_38.pdf, id=38, 597.50829pt x 845.0471pt>
File: titlepage_38.pdf Graphic file (type pdf)
<use titlepage_38.pdf>
Package pdftex.def Info: titlepage_38.pdf  used on input line 19.
(pdftex.def)             Requested size: 188.21371pt x 266.17834pt.
<titlepage_39.pdf, id=39, 597.50829pt x 845.0471pt>
File: titlepage_39.pdf Graphic file (type pdf)
<use titlepage_39.pdf>
Package pdftex.def Info: titlepage_39.pdf  used on input line 19.
(pdftex.def)             Requested size: 188.21371pt x 266.17834pt.
<titlepage_40.pdf, id=40, 597.50829pt x 845.0471pt>
File: titlepage_40.pdf Graphic file (type pdf)
<use titlepage_40.pdf>
Package pdftex.def Info: titlepage_40.pdf  used on input line 19.
(pdftex.def)             Requested size: 188.21371pt x 266.17834pt.
<titlepage_41.pdf, id=41, 597.50829pt x 845.0471pt>
File: titlepage_41.pdf Graphic file (type pdf)
<use titlepage_41.pdf>
Package pdftex.def Info: titlepage_41.pdf  used on input line 19.
(pdftex.def)             Requested size: 188.21371pt x 266.17834pt.
<titlepage_42.pdf, id=42, 597.50829pt x 845.0471pt>
File: titlepage_42.pdf Graphic file (type pdf)
<use titlepage_42.pdf>
Package pdftex.def Info: titlepage_42.pdf  used on input line 19.
(pdftex.def)             Requested size: 188.21371pt x 266.17834pt.
<titlepage_43.pdf, id=43, 597.50829pt x 845.0471pt>
File: titlepage_43.pdf Graphic file (type pdf)
<use titlepage_43.pdf>
Package pdftex.def Info: titlepage_43.pdf  used on input line 19.
(pdftex.def)             Requested size: 188.21371pt x 266.17834pt.
<titlepage_44.pdf, id=44, 597.50829pt x 845.0471pt>
File: titlepage_44.pdf Graphic file (type pdf)
<use titlepage_44.pdf>
Package pdftex.def Info: titlepage_44.pdf  used on input line 19.
(pdftex.def)             Requested size: 188.21371pt x 266.17834pt.
<titlepage_45.pdf, id=45, 597.50829pt x 845.0471pt>
File: titlepage_45.pdf Graphic file (type pdf)
<use titlepage_45.pdf>
Package pdftex.def Info: titlepage_45.pdf  used on input line 19.
(pdftex.def)             Requested size: 188.21371pt x 266.17834pt.

[1

{/usr/local/texlive/2018/texmf-var/fonts/map/pdftex/updmap/pdftex.map} <./title
page_1.pdf> <./titlepage_2.pdf> <./titlepage_3.pdf> <./titlepage_4.pdf>]
[2 <./titlepage_5.pdf> <./titlepage_6.pdf> <./titlepage_7.pdf> <./titlepage_8.p
df>] [3 <./titlepage_9.pdf> <./titlepage_10.pdf> <./titlepage_11.pdf> <./titlep
age_12.pdf>] [4 <./titlepage_13.pdf> <./titlepage_14.pdf> <./titlepage_15.pdf> 
<./titlepage_16.pdf>] [5 <./titlepage_17.pdf> <./titlepage_18.pdf> <./titlepage
_19.pdf> <./titlepage_20.pdf>] [6 <./titlepage_21.pdf> <./titlepage_22.pdf

pdfTeX warning: pdflatex (file ./titlepage_22.pdf): PDF inclusion: multiple pdf
s with page group included in a single page
> <./titlepage_23.pdf

pdfTeX warning: pdflatex (file ./titlepage_23.pdf): PDF inclusion: multiple pdf
s with page group included in a single page
> <./titlepage_24.pdf>] [7 <./titlepage_25.pdf> <./titlepage_26.pdf> <./titlepa
ge_27.pdf> <./titlepage_28.pdf

pdfTeX warning: pdflatex (file ./titlepage_28.pdf): PDF inclusion: multiple pdf
s with page group included in a single page
>] [8 <./titlepage_29.pdf> <./titlepage_30.pdf> <./titlepage_31.pdf> <./titlepa
ge_32.pdf>] [9 <./titlepage_33.pdf> <./titlepage_34.pdf> <./titlepage_35.pdf> <
./titlepage_36.pdf>] [10 <./titlepage_37.pdf> <./titlepage_38.pdf

pdfTeX warning: pdflatex (file ./titlepage_38.pdf): PDF inclusion: multiple pdf
s with page group included in a single page
> <./titlepage_39.pdf> <./titlepage_40.pdf>] [11 <./titlepage_41.pdf> <./titlep
age_42.pdf> <./titlepage_43.pdf> <./titlepage_44.pdf>] [12 <./titlepage_45.pdf>
] (./allTitlepage.aux) ) 
Here is how much of TeX's memory you used:
 12394 strings out of 492649
 236162 string characters out of 6129607
 368997 words of memory out of 5000000
 16160 multiletter control sequences out of 15000+600000
 535245 words of font info for 34 fonts, out of 8000000 for 9000
 1141 hyphenation exceptions out of 8191
 51i,7n,65p,9122b,275s stack positions out of 5000i,500n,10000p,200000b,80000s
</usr/local/texlive/2018/texmf-dist/fonts/type1/public/
amsfonts/cm/cmbx12.pfb></usr/local/texlive/2018/texmf-dist/fonts/type1/public/a
msfonts/cm/cmcsc10.pfb></usr/local/texlive/2018/texmf-dist/fonts/type1/public/a
msfonts/cm/cmr10.pfb></usr/local/texlive/2018/texmf-dist/fonts/type1/public/ams
fonts/cm/cmr12.pfb></usr/local/texlive/2018/texmf-dist/fonts/type1/public/amsfo
nts/cm/cmr17.pfb></usr/local/texlive/2018/texmf-dist/fonts/type1/public/amsfont
s/cm/cmti12.pfb></usr/local/texlive/2018/texmf-dist/fonts/type1/public/amsfonts
/cm/cmtt10.pfb>
Output written on allTitlepage.pdf (12 pages, 2317076 bytes).
PDF statistics:
 749 PDF objects out of 1000 (max. 8388607)
 632 compressed objects within 7 object streams
 0 named destinations out of 1000 (max. 500000)
 226 words of extra memory for PDF output out of 10000 (max. 10000000)

